2023-05-12 16:28:32 INFO  [main] com.example.demo.DemoApplication - Starting DemoApplication using Java 11.0.18 on FA00082 with PID 10888 (C:\workspace\demo\target\classes started by phoebe.ho in C:\workspace\demo)
2023-05-12 16:28:32 INFO  [main] com.example.demo.DemoApplication - The following 1 profile is active: "dev"
2023-05-12 16:28:33 INFO  [main] o.s.d.r.c.RepositoryConfigurationDelegate - Bootstrapping Spring Data JPA repositories in DEFAULT mode.
2023-05-12 16:28:33 INFO  [main] o.s.d.r.c.RepositoryConfigurationDelegate - Finished Spring Data repository scanning in 45 ms. Found 3 JPA repository interfaces.
2023-05-12 16:28:34 INFO  [main] o.s.b.w.e.tomcat.TomcatWebServer - Tomcat initialized with port(s): 8080 (http)
2023-05-12 16:28:34 INFO  [main] o.a.coyote.http11.Http11NioProtocol - Initializing ProtocolHandler ["http-nio-8080"]
2023-05-12 16:28:34 INFO  [main] o.a.catalina.core.StandardService - Starting service [Tomcat]
2023-05-12 16:28:34 INFO  [main] o.a.catalina.core.StandardEngine - Starting Servlet engine: [Apache Tomcat/9.0.74]
2023-05-12 16:28:34 INFO  [main] o.a.c.c.C.[Tomcat].[localhost].[/] - Initializing Spring embedded WebApplicationContext
2023-05-12 16:28:34 INFO  [main] o.s.b.w.s.c.ServletWebServerApplicationContext - Root WebApplicationContext: initialization completed in 1633 ms
2023-05-12 16:28:34 INFO  [main] o.h.jpa.internal.util.LogHelper - HHH000204: Processing PersistenceUnitInfo [name: default]
2023-05-12 16:28:34 INFO  [main] org.hibernate.Version - HHH000412: Hibernate ORM core version 5.6.15.Final
2023-05-12 16:28:34 INFO  [main] o.h.annotations.common.Version - HCANN000001: Hibernate Commons Annotations {5.1.2.Final}
2023-05-12 16:28:34 INFO  [main] com.zaxxer.hikari.HikariDataSource - HikariPool-1 - Starting...
2023-05-12 16:28:35 INFO  [main] com.zaxxer.hikari.HikariDataSource - HikariPool-1 - Start completed.
2023-05-12 16:28:35 INFO  [main] org.hibernate.dialect.Dialect - HHH000400: Using dialect: org.hibernate.dialect.MySQL8Dialect
2023-05-12 16:28:35 INFO  [main] o.h.e.t.j.p.i.JtaPlatformInitiator - HHH000490: Using JtaPlatform implementation: [org.hibernate.engine.transaction.jta.platform.internal.NoJtaPlatform]
2023-05-12 16:28:35 INFO  [main] o.s.o.j.LocalContainerEntityManagerFactoryBean - Initialized JPA EntityManagerFactory for persistence unit 'default'
2023-05-12 16:28:36 WARN  [main] o.s.b.a.s.s.UserDetailsServiceAutoConfiguration - 

Using generated security password: bd7e5e42-43ae-4aed-bd45-cd5f11a95e31

This generated password is for development use only. Your security configuration must be updated before running your application in production.

2023-05-12 16:28:36 WARN  [main] o.s.b.a.o.j.JpaBaseConfiguration$JpaWebConfiguration - spring.jpa.open-in-view is enabled by default. Therefore, database queries may be performed during view rendering. Explicitly configure spring.jpa.open-in-view to disable this warning
2023-05-12 16:28:37 INFO  [main] o.s.s.web.DefaultSecurityFilterChain - Will secure any request with [org.springframework.security.web.session.DisableEncodeUrlFilter@4c89c98a, org.springframework.security.web.context.request.async.WebAsyncManagerIntegrationFilter@28200d43, org.springframework.security.web.context.SecurityContextPersistenceFilter@400df2b3, org.springframework.security.web.header.HeaderWriterFilter@270ab7bc, org.springframework.web.filter.CorsFilter@7e24a2e2, org.springframework.security.web.authentication.logout.LogoutFilter@7bd7c4cf, com.example.demo.filter.JwtAuthorizationFilter@6418e39e, org.springframework.security.web.savedrequest.RequestCacheAwareFilter@18ffc008, org.springframework.security.web.servletapi.SecurityContextHolderAwareRequestFilter@4678ec43, org.springframework.security.web.authentication.AnonymousAuthenticationFilter@38318d67, org.springframework.security.web.session.SessionManagementFilter@54ec8ab3, org.springframework.security.web.access.ExceptionTranslationFilter@3b663112, org.springframework.security.web.access.intercept.FilterSecurityInterceptor@19542115]
2023-05-12 16:28:37 INFO  [main] o.a.coyote.http11.Http11NioProtocol - Starting ProtocolHandler ["http-nio-8080"]
2023-05-12 16:28:37 INFO  [main] o.s.b.w.e.tomcat.TomcatWebServer - Tomcat started on port(s): 8080 (http) with context path ''
2023-05-12 16:28:37 INFO  [main] com.example.demo.DemoApplication - Started DemoApplication in 4.893 seconds (JVM running for 5.405)
2023-05-12 16:28:40 INFO  [scheduling-1] c.example.demo.schedule.ScheduleTask - Work hours calculation completed
2023-05-12 16:29:00 INFO  [scheduling-1] c.example.demo.schedule.ScheduleTask - Work hours calculation completed
2023-05-12 16:29:20 INFO  [scheduling-1] c.example.demo.schedule.ScheduleTask - Work hours calculation completed
2023-05-12 16:29:40 INFO  [scheduling-1] c.example.demo.schedule.ScheduleTask - Work hours calculation completed
2023-05-12 16:30:00 INFO  [scheduling-1] c.example.demo.schedule.ScheduleTask - Work hours calculation completed
2023-05-12 16:30:20 INFO  [scheduling-1] c.example.demo.schedule.ScheduleTask - Work hours calculation completed
2023-05-12 16:30:40 INFO  [scheduling-1] c.example.demo.schedule.ScheduleTask - Work hours calculation completed
2023-05-12 16:31:00 INFO  [scheduling-1] c.example.demo.schedule.ScheduleTask - Work hours calculation completed
2023-05-12 16:31:20 INFO  [scheduling-1] c.example.demo.schedule.ScheduleTask - Work hours calculation completed
2023-05-12 16:31:40 INFO  [scheduling-1] c.example.demo.schedule.ScheduleTask - Work hours calculation completed
2023-05-12 16:31:40 INFO  [http-nio-8080-exec-1] o.a.c.c.C.[Tomcat].[localhost].[/] - Initializing Spring DispatcherServlet 'dispatcherServlet'
2023-05-12 16:31:40 INFO  [http-nio-8080-exec-1] o.s.web.servlet.DispatcherServlet - Initializing Servlet 'dispatcherServlet'
2023-05-12 16:31:40 INFO  [http-nio-8080-exec-1] o.s.web.servlet.DispatcherServlet - Completed initialization in 1 ms
2023-05-12 16:31:40 INFO  [http-nio-8080-exec-1] c.e.d.c.service.RegisterService - Access Log - 2023-05-12T16:31:40.432786500 - username: a06 - Username already exists
2023-05-12 16:32:00 INFO  [scheduling-1] c.example.demo.schedule.ScheduleTask - Work hours calculation completed
2023-05-12 16:32:20 INFO  [scheduling-1] c.example.demo.schedule.ScheduleTask - Work hours calculation completed
2023-05-12 16:32:37 INFO  [SpringApplicationShutdownHook] o.s.o.j.LocalContainerEntityManagerFactoryBean - Closing JPA EntityManagerFactory for persistence unit 'default'
2023-05-12 16:32:37 INFO  [SpringApplicationShutdownHook] com.zaxxer.hikari.HikariDataSource - HikariPool-1 - Shutdown initiated...
2023-05-12 16:32:37 INFO  [SpringApplicationShutdownHook] com.zaxxer.hikari.HikariDataSource - HikariPool-1 - Shutdown completed.
